21:57:44.453 [AWT-EventQueue-0] INFO  clientNetwork - Associating new connection with server
21:57:47.769 [AWT-EventQueue-0] DEBUG clientNetwork - Sending string
21:57:47.774 [AWT-EventQueue-0] INFO  clientNetwork - Name inserted
21:57:47.787 [AWT-EventQueue-0] DEBUG clientNetwork - Sending string
21:57:47.789 [AWT-EventQueue-0] INFO  clientNetwork - Updating all hosts' names
21:58:22.574 [AWT-EventQueue-0] INFO  clientNetwork - Associating new connection with server
21:58:28.077 [AWT-EventQueue-0] DEBUG clientNetwork - Sending string
21:58:28.081 [AWT-EventQueue-0] INFO  clientNetwork - Name inserted
21:58:28.097 [AWT-EventQueue-0] DEBUG clientNetwork - Sending string
21:58:28.098 [AWT-EventQueue-0] INFO  clientNetwork - Updating all hosts' names
21:58:29.963 [AWT-EventQueue-0] DEBUG clientNetwork - Sending string
21:58:29.965 [AWT-EventQueue-0] INFO  clientNetwork - Updating all hosts' names
21:58:31.822 [AWT-EventQueue-0] DEBUG clientNetwork - Sending string
21:58:31.822 [AWT-EventQueue-0] DEBUG clientNetwork - Sending string
21:58:33.151 [Thread-0] DEBUG clientNetwork - Sending string
21:58:33.152 [Thread-0] INFO  clientNetwork - Accepting connection
21:58:33.153 [AWT-EventQueue-0] INFO  clientNetwork - Connection accepted by opponent
21:58:33.157 [Thread-0] INFO  clientNetwork - Creating new CLient-Server socket
21:58:33.159 [Thread-0] INFO  clientNetwork - Peer connection accepted by server
21:58:33.161 [Thread-0] DEBUG clientNetwork - Initializing writing and reading buffer
21:58:33.162 [Thread-0] DEBUG clientNetwork - Sending string to peer
21:58:33.162 [AWT-EventQueue-0] INFO  clientNetwork - Associating new connection with server
21:58:33.163 [AWT-EventQueue-0] DEBUG clientNetwork - Receiving string
21:58:33.163 [AWT-EventQueue-0] INFO  clientNetwork - First received message: connected with peer
21:58:33.163 [AWT-EventQueue-0] DEBUG clientNetwork - Sending string
21:58:33.165 [main] DEBUG clientNetwork - Sending string
21:58:33.165 [Thread-0] DEBUG clientNetwork - Receiving string from peer
21:58:33.165 [Thread-0] INFO  clientNetwork - First received message: connected with peer
21:58:33.167 [main] DEBUG clientNetwork - Receiving string from peer
22:21:06.273 [AWT-EventQueue-0] FATAL clientNetwork - No I/O
22:21:17.611 [AWT-EventQueue-0] INFO  clientNetwork - Associating new connection with server
22:21:21.560 [AWT-EventQueue-0] INFO  clientNetwork - Name inserted
22:21:21.573 [AWT-EventQueue-0] INFO  clientNetwork - Updating all hosts' names
22:21:54.899 [AWT-EventQueue-0] INFO  clientNetwork - Associating new connection with server
22:21:57.627 [AWT-EventQueue-0] INFO  clientNetwork - Name inserted
22:21:57.640 [AWT-EventQueue-0] INFO  clientNetwork - Updating all hosts' names
22:22:04.160 [Thread-0] INFO  clientNetwork - Accepting connection
22:22:04.161 [AWT-EventQueue-0] INFO  clientNetwork - Connection accepted by opponent
22:22:04.166 [Thread-0] INFO  clientNetwork - Creating new CLient-Server socket
22:22:04.170 [Thread-0] ERROR clientNetwork - Read failed
22:22:04.170 [AWT-EventQueue-0] INFO  clientNetwork - Client connection closed
22:22:04.172 [Thread-0] INFO  clientNetwork - Peer connection accepted by server
22:22:04.172 [AWT-EventQueue-0] INFO  clientNetwork - Associating new connection with server
22:22:04.174 [Thread-0] INFO  clientNetwork - Client connection closed
22:22:04.177 [Thread-0] INFO  clientNetwork - First received message: connected with peer
22:22:04.176 [AWT-EventQueue-0] INFO  clientNetwork - First received message: connected with peer
22:22:04.177 [Thread-0] ERROR clientNetwork - Read failed
22:26:07.420 [AWT-EventQueue-0] INFO  clientNetwork - Associating new connection with server
22:26:10.752 [AWT-EventQueue-0] INFO  clientNetwork - Name inserted
22:26:10.767 [AWT-EventQueue-0] INFO  clientNetwork - Updating all hosts' names
22:26:17.989 [AWT-EventQueue-0] INFO  clientNetwork - Associating new connection with server
22:26:22.358 [AWT-EventQueue-0] INFO  clientNetwork - Name inserted
22:26:22.373 [AWT-EventQueue-0] INFO  clientNetwork - Updating all hosts' names
22:26:27.466 [Thread-0] INFO  clientNetwork - Accepting connection
22:26:27.470 [AWT-EventQueue-0] INFO  clientNetwork - Connection accepted by opponent
22:26:27.470 [Thread-0] INFO  clientNetwork - Creating new CLient-Server socket
22:26:27.480 [Thread-0] ERROR clientNetwork - Read failed or closing socket
22:26:27.481 [AWT-EventQueue-0] INFO  clientNetwork - Client connection closed
22:26:27.484 [AWT-EventQueue-0] INFO  clientNetwork - Associating new connection with server
22:26:27.484 [Thread-0] INFO  clientNetwork - Peer connection accepted by server
22:26:27.488 [Thread-0] INFO  clientNetwork - Client connection closed
22:26:27.488 [AWT-EventQueue-0] INFO  clientNetwork - First received message: connected with peer
22:26:27.489 [Thread-0] INFO  clientNetwork - First received message: connected with peer
22:26:27.489 [Thread-0] ERROR clientNetwork - Read failed or closing socket
