21:10:15.064 [main] INFO  server - Got server ip: 127.0.0.1:0
21:10:18.860 [AWT-EventQueue-0] INFO  server - New server socket created
21:10:21.699 [AWT-EventQueue-0] INFO  server - Server started
21:57:18.948 [main] INFO  server - Got server ip: 127.0.0.1:0
21:57:28.313 [AWT-EventQueue-0] INFO  server - New server socket created
21:57:31.753 [AWT-EventQueue-0] INFO  server - Server started
21:57:44.448 [Thread-0] INFO  server - Singleton instance created
21:57:44.449 [Thread-0] INFO  server - New server thread created
21:57:44.449 [Thread-1] INFO  server - New server thread started
21:57:47.771 [Thread-1] INFO  server - new thread added
21:58:22.564 [Thread-0] INFO  server - New server thread created
21:58:22.564 [Thread-2] INFO  server - New server thread started
21:58:28.078 [Thread-2] INFO  server - new thread added
21:58:31.823 [Thread-1] INFO  server - Invitation send
21:58:33.153 [Thread-2] INFO  server - Invitation accepted
21:58:33.154 [Thread-2] INFO  server - Connection closed
22:04:04.237 [main] INFO  server - Got server ip: 127.0.0.1:0
22:20:31.669 [main] INFO  server - Got server ip: 127.0.0.1:0
22:20:48.318 [AWT-EventQueue-0] INFO  server - New server socket created
22:20:54.833 [AWT-EventQueue-0] INFO  server - Server started
22:21:17.607 [Thread-0] INFO  server - Singleton instance created
22:21:17.607 [Thread-0] INFO  server - New server thread created
22:21:17.608 [Thread-1] INFO  server - New server thread started
22:21:21.556 [Thread-1] INFO  server - new thread added
22:21:54.887 [Thread-0] INFO  server - New server thread created
22:21:54.888 [Thread-2] INFO  server - New server thread started
22:21:57.624 [Thread-2] INFO  server - new thread added
22:22:00.880 [Thread-2] INFO  server - Invitation send
22:22:04.162 [Thread-1] INFO  server - Invitation accepted
22:22:04.168 [Thread-2] INFO  server - Connection closed. Closing thread
22:22:04.173 [Thread-1] INFO  server - Connection closed. Closing thread
22:25:31.109 [main] INFO  server - Got server ip: 127.0.0.1:0
22:25:41.596 [AWT-EventQueue-0] INFO  server - New server socket created
22:25:45.138 [AWT-EventQueue-0] INFO  server - Server started
22:26:07.416 [Thread-0] INFO  server - Singleton instance created
22:26:07.416 [Thread-0] INFO  server - New server thread created
22:26:07.417 [Thread-1] INFO  server - New server thread started
22:26:10.748 [Thread-1] INFO  server - new thread added
22:26:17.980 [Thread-0] INFO  server - New server thread created
22:26:17.981 [Thread-2] INFO  server - New server thread started
22:26:22.353 [Thread-2] INFO  server - new thread added
22:26:25.679 [Thread-2] INFO  server - Invitation send
22:26:27.470 [Thread-1] INFO  server - Invitation accepted
22:26:27.478 [Thread-2] INFO  server - Connection closed. Closing thread
22:26:27.487 [Thread-1] INFO  server - Connection closed. Closing thread
